<?xml version="1.0" encoding="UTF-8"?>
<!-- Generated by org.testng.reporters.JUnitReportReporter -->
<testsuite hostname="DESKTOP-I0EUP4M" failures="0" tests="1" name="com.seleniumproject.activityTypes.addActivityTypesTest" time="7.068" errors="0" timestamp="2023-12-09T10:01:33 EET" skipped="0">
  <testcase classname="com.seleniumproject.activityTypes.addActivityTypesTest" name="addActivityType" time="7.068"/>
</testsuite> <!-- com.seleniumproject.activityTypes.addActivityTypesTest -->
