<?xml version="1.0" encoding="UTF-8"?>
<!-- Generated by org.testng.reporters.JUnitReportReporter -->
<testsuite hostname="DESKTOP-I0EUP4M" failures="0" tests="3" name="com.seleniumproject.Officials.ShowOfficialsPageTest" time="14.038" errors="0" timestamp="2023-12-09T10:01:33 EET" skipped="0">
  <testcase classname="com.seleniumproject.Officials.ShowOfficialsPageTest" name="testChangeFirstInputField" time="4.475"/>
  <testcase classname="com.seleniumproject.Officials.ShowOfficialsPageTest" name="testSearch" time="4.781"/>
  <testcase classname="com.seleniumproject.Officials.ShowOfficialsPageTest" name="testDeleteFirstInput" time="4.782"/>
</testsuite> <!-- com.seleniumproject.Officials.ShowOfficialsPageTest -->
