<?xml version="1.0" encoding="UTF-8"?>
<!-- Generated by org.testng.reporters.JUnitReportReporter -->
<testsuite hostname="DESKTOP-I0EUP4M" failures="0" tests="1" name="com.seleniumproject.jobeTitles.addJobTitlesTest" time="5.099" errors="0" timestamp="2023-12-09T10:01:33 EET" skipped="0">
  <testcase classname="com.seleniumproject.jobeTitles.addJobTitlesTest" name="testAddTobTitle" time="5.099"/>
</testsuite> <!-- com.seleniumproject.jobeTitles.addJobTitlesTest -->
