<?xml version="1.0" encoding="UTF-8"?>
<!-- Generated by org.testng.reporters.JUnitReportReporter -->
<testsuite hostname="DESKTOP-I0EUP4M" failures="0" tests="3" name="com.seleniumproject.activityTypes.activityTypesTest" time="15.405" errors="0" timestamp="2023-12-09T10:01:33 EET" skipped="0">
  <testcase classname="com.seleniumproject.activityTypes.activityTypesTest" name="testChangeFirstInputField" time="5.786"/>
  <testcase classname="com.seleniumproject.activityTypes.activityTypesTest" name="testSearch" time="4.914"/>
  <testcase classname="com.seleniumproject.activityTypes.activityTypesTest" name="testDeleteFirstInput" time="4.705"/>
</testsuite> <!-- com.seleniumproject.activityTypes.activityTypesTest -->
