<?xml version="1.0" encoding="UTF-8"?>
<!-- Generated by org.testng.reporters.JUnitReportReporter -->
<testsuite hostname="DESKTOP-I0EUP4M" failures="0" tests="3" name="com.seleniumproject.jobeTitles.ShowJobTitlesTest" time="13.881" errors="0" timestamp="2023-12-09T10:01:33 EET" skipped="0">
  <testcase classname="com.seleniumproject.jobeTitles.ShowJobTitlesTest" name="testChangeFirstInputField" time="4.493"/>
  <testcase classname="com.seleniumproject.jobeTitles.ShowJobTitlesTest" name="testSearch" time="4.522"/>
  <testcase classname="com.seleniumproject.jobeTitles.ShowJobTitlesTest" name="testDeleteFirstInput" time="4.866"/>
</testsuite> <!-- com.seleniumproject.jobeTitles.ShowJobTitlesTest -->
