<?xml version="1.0" encoding="UTF-8"?>
<!-- Generated by org.testng.reporters.JUnitReportReporter -->
<testsuite hostname="DESKTOP-I0EUP4M" failures="0" tests="4" name="com.seleniumproject.LoginTest" time="16.252" errors="0" timestamp="2023-12-09T10:01:33 EET" skipped="0">
  <testcase classname="com.seleniumproject.LoginTest" name="testInvalidLogin" time="4.323"/>
  <testcase classname="com.seleniumproject.LoginTest" name="testChangeLanguage" time="4.392"/>
  <testcase classname="com.seleniumproject.LoginTest" name="testLogout" time="4.324"/>
  <testcase classname="com.seleniumproject.LoginTest" name="testLogin" time="3.213"/>
</testsuite> <!-- com.seleniumproject.LoginTest -->
