<?xml version="1.0" encoding="UTF-8"?>
<!-- Generated by org.testng.reporters.JUnitReportReporter -->
<testsuite hostname="DESKTOP-I0EUP4M" failures="0" tests="2" name="com.seleniumproject.Officials.addOfficialsTest" time="9.325" errors="0" timestamp="2023-12-09T10:01:33 EET" skipped="0">
  <testcase classname="com.seleniumproject.Officials.addOfficialsTest" name="addOfficial" time="4.487"/>
  <testcase classname="com.seleniumproject.Officials.addOfficialsTest" name="addOfficial" time="4.838"/>
</testsuite> <!-- com.seleniumproject.Officials.addOfficialsTest -->
